<?xml version="1.0" encoding="UTF-8"?>
<!-- Generated by org.testng.reporters.JUnitXMLReporter -->
<testsuite ignored="0" hostname="Hari" failures="2" tests="4" name="Test" time="140.242" errors="0" timestamp="2026-01-30T16:41:49 IST">
  <testcase classname="tests.FirstTest" name="verifyTitle" time="1.198"/>
  <testcase classname="tests.LoginTest" name="loginOrangeHRM" time="30.089">
    <failure type="com.microsoft.playwright.TimeoutError" message="Error {
  message=&amp;apos;Timeout 30000ms exceeded.
  name=&amp;apos;TimeoutError
  stack=&amp;apos;TimeoutError: Timeout 30000ms exceeded.
    at ProgressController.run (C:\Users\HARISH~1\AppData\Local\Temp\playwright-java-16865088732458378147\package\lib\server\progress.js:68:28)
    at FrameDispatcher._runCommand (C:\Users\HARISH~1\AppData\Local\Temp\playwright-java-16865088732458378147\package\lib\server\dispatchers\dispatcher.js:95:31)
    at DispatcherConnection.dispatch (C:\Users\HARISH~1\AppData\Local\Temp\playwright-java-16865088732458378147\package\lib\server\dispatchers\dispatcher.js:329:39)
}
Call log:
-   - navigating to &amp;quot;https://opensource-demo.orangehrmlive.com/web/index.php/auth/login&amp;quot;, waiting until &amp;quot;load&amp;quot;
">
      <![CDATA[com.microsoft.playwright.TimeoutError: Error {
  message='Timeout 30000ms exceeded.
  name='TimeoutError
  stack='TimeoutError: Timeout 30000ms exceeded.
    at ProgressController.run (C:\Users\HARISH~1\AppData\Local\Temp\playwright-java-16865088732458378147\package\lib\server\progress.js:68:28)
    at FrameDispatcher._runCommand (C:\Users\HARISH~1\AppData\Local\Temp\playwright-java-16865088732458378147\package\lib\server\dispatchers\dispatcher.js:95:31)
    at DispatcherConnection.dispatch (C:\Users\HARISH~1\AppData\Local\Temp\playwright-java-16865088732458378147\package\lib\server\dispatchers\dispatcher.js:329:39)
}
Call log:
-   - navigating to "https://opensource-demo.orangehrmlive.com/web/index.php/auth/login", waiting until "load"

at com.microsoft.playwright.impl.WaitableResult.get(WaitableResult.java:52)
at com.microsoft.playwright.impl.ChannelOwner.runUntil(ChannelOwner.java:138)
at com.microsoft.playwright.impl.Connection.sendMessage(Connection.java:131)
at com.microsoft.playwright.impl.ChannelOwner.sendMessage(ChannelOwner.java:124)
at com.microsoft.playwright.impl.FrameImpl.navigateImpl(FrameImpl.java:419)
at com.microsoft.playwright.impl.PageImpl.navigate(PageImpl.java:930)
at com.microsoft.playwright.impl.PageImpl.navigate(PageImpl.java:43)
at tests.LoginTest.loginOrangeHRM(LoginTest.java:21)
at java.base/java.util.ArrayList.forEach(ArrayList.java:1596)
Caused by: com.microsoft.playwright.TimeoutError: Error {
  message='Timeout 30000ms exceeded.
  name='TimeoutError
  stack='TimeoutError: Timeout 30000ms exceeded.
    at ProgressController.run (C:\Users\HARISH~1\AppData\Local\Temp\playwright-java-16865088732458378147\package\lib\server\progress.js:68:28)
    at FrameDispatcher._runCommand (C:\Users\HARISH~1\AppData\Local\Temp\playwright-java-16865088732458378147\package\lib\server\dispatchers\dispatcher.js:95:31)
    at DispatcherConnection.dispatch (C:\Users\HARISH~1\AppData\Local\Temp\playwright-java-16865088732458378147\package\lib\server\dispatchers\dispatcher.js:329:39)
}
Call log:
-   - navigating to "https://opensource-demo.orangehrmlive.com/web/index.php/auth/login", waiting until "load"

at com.microsoft.playwright.impl.Connection.dispatch(Connection.java:257)
at com.microsoft.playwright.impl.Connection.processOneMessage(Connection.java:214)
at com.microsoft.playwright.impl.ChannelOwner.runUntil(ChannelOwner.java:136)
... 32 more
... Removed 25 stack frames]]>
    </failure>
  </testcase> <!-- loginOrangeHRM -->
  <testcase classname="tests.LoginTest" name="loginOrangeHRM2" time="0.002">
    <skipped/>
  </testcase> <!-- loginOrangeHRM2 -->
  <testcase classname="tests.LoginTest" name="loginOrangeHRM3" time="30.009">
    <failure type="com.microsoft.playwright.TimeoutError" message="Error {
  message=&amp;apos;Timeout 30000ms exceeded.
  name=&amp;apos;TimeoutError
  stack=&amp;apos;TimeoutError: Timeout 30000ms exceeded.
    at ProgressController.run (C:\Users\HARISH~1\AppData\Local\Temp\playwright-java-16865088732458378147\package\lib\server\progress.js:68:28)
    at FrameDispatcher._runCommand (C:\Users\HARISH~1\AppData\Local\Temp\playwright-java-16865088732458378147\package\lib\server\dispatchers\dispatcher.js:95:31)
    at DispatcherConnection.dispatch (C:\Users\HARISH~1\AppData\Local\Temp\playwright-java-16865088732458378147\package\lib\server\dispatchers\dispatcher.js:329:39)
}
Call log:
-   - navigating to &amp;quot;https://opensource-demo.orangehrmlive.com/web/index.php/auth/login&amp;quot;, waiting until &amp;quot;load&amp;quot;
">
      <![CDATA[com.microsoft.playwright.TimeoutError: Error {
  message='Timeout 30000ms exceeded.
  name='TimeoutError
  stack='TimeoutError: Timeout 30000ms exceeded.
    at ProgressController.run (C:\Users\HARISH~1\AppData\Local\Temp\playwright-java-16865088732458378147\package\lib\server\progress.js:68:28)
    at FrameDispatcher._runCommand (C:\Users\HARISH~1\AppData\Local\Temp\playwright-java-16865088732458378147\package\lib\server\dispatchers\dispatcher.js:95:31)
    at DispatcherConnection.dispatch (C:\Users\HARISH~1\AppData\Local\Temp\playwright-java-16865088732458378147\package\lib\server\dispatchers\dispatcher.js:329:39)
}
Call log:
-   - navigating to "https://opensource-demo.orangehrmlive.com/web/index.php/auth/login", waiting until "load"

at com.microsoft.playwright.impl.WaitableResult.get(WaitableResult.java:52)
at com.microsoft.playwright.impl.ChannelOwner.runUntil(ChannelOwner.java:138)
at com.microsoft.playwright.impl.Connection.sendMessage(Connection.java:131)
at com.microsoft.playwright.impl.ChannelOwner.sendMessage(ChannelOwner.java:124)
at com.microsoft.playwright.impl.FrameImpl.navigateImpl(FrameImpl.java:419)
at com.microsoft.playwright.impl.PageImpl.navigate(PageImpl.java:930)
at com.microsoft.playwright.impl.PageImpl.navigate(PageImpl.java:43)
at tests.LoginTest.loginOrangeHRM3(LoginTest.java:41)
at java.base/java.util.ArrayList.forEach(ArrayList.java:1596)
Caused by: com.microsoft.playwright.TimeoutError: Error {
  message='Timeout 30000ms exceeded.
  name='TimeoutError
  stack='TimeoutError: Timeout 30000ms exceeded.
    at ProgressController.run (C:\Users\HARISH~1\AppData\Local\Temp\playwright-java-16865088732458378147\package\lib\server\progress.js:68:28)
    at FrameDispatcher._runCommand (C:\Users\HARISH~1\AppData\Local\Temp\playwright-java-16865088732458378147\package\lib\server\dispatchers\dispatcher.js:95:31)
    at DispatcherConnection.dispatch (C:\Users\HARISH~1\AppData\Local\Temp\playwright-java-16865088732458378147\package\lib\server\dispatchers\dispatcher.js:329:39)
}
Call log:
-   - navigating to "https://opensource-demo.orangehrmlive.com/web/index.php/auth/login", waiting until "load"

at com.microsoft.playwright.impl.Connection.dispatch(Connection.java:257)
at com.microsoft.playwright.impl.Connection.processOneMessage(Connection.java:214)
at com.microsoft.playwright.impl.ChannelOwner.runUntil(ChannelOwner.java:136)
... 32 more
... Removed 25 stack frames]]>
    </failure>
  </testcase> <!-- loginOrangeHRM3 -->
</testsuite> <!-- Test -->
